Self play 2000 games, training session 1
.................................................................................................... - 500 games
.................................................................................................... - 1000 games
.................................................................................................... - 1500 games
.................................................................................................... - 2000 games
473/473 [==============================] - 0s 650us/step - loss: 0.0383
47254/47254 [==============================] - 50s 1ms/step - loss: 0.0362
473/473 [==============================] - 0s 646us/step - loss: 0.0353
INFO:tensorflow:Assets written to: saves/nn_1/assets
Fair battle : nn.ai vs random_ai Score is [96 78] out of 200
Fair battle : nn.ai vs nn_old.ai Score is [96 75] out of 200
Self play 2000 games, training session 2
.................................................................................................... - 500 games
.................................................................................................... - 1000 games
.................................................................................................... - 1500 games
.................................................................................................... - 2000 games
474/474 [==============================] - 0s 653us/step - loss: 0.0348
47347/47347 [==============================] - 50s 1ms/step - loss: 0.0338
474/474 [==============================] - 0s 644us/step - loss: 0.0332
INFO:tensorflow:Assets written to: saves/nn_2/assets
Fair battle : nn.ai vs random_ai Score is [95 72] out of 200
Fair battle : nn.ai vs nn_old.ai Score is [106  70] out of 200
Self play 2000 games, training session 3
.................................................................................................... - 500 games
.................................................................................................... - 1000 games
.................................................................................................... - 1500 games
.................................................................................................... - 2000 games
477/477 [==============================] - 0s 734us/step - loss: 0.0331
47700/47700 [==============================] - 50s 1ms/step - loss: 0.0322
477/477 [==============================] - 0s 721us/step - loss: 0.0317
INFO:tensorflow:Assets written to: saves/nn_3/assets
Fair battle : nn.ai vs random_ai Score is [114  65] out of 200
Fair battle : nn.ai vs nn_old.ai Score is [95 72] out of 200
Self play 2000 games, training session 4
.................................................................................................... - 500 games
.................................................................................................... - 1000 games
.................................................................................................... - 1500 games
.................................................................................................... - 2000 games
476/476 [==============================] - 0s 668us/step - loss: 0.0324
47597/47597 [==============================] - 50s 1ms/step - loss: 0.0315
476/476 [==============================] - 0s 652us/step - loss: 0.0310
INFO:tensorflow:Assets written to: saves/nn_4/assets
Fair battle : nn.ai vs random_ai Score is [101  64] out of 200
Fair battle : nn.ai vs nn_old.ai Score is [91 81] out of 200
Self play 2000 games, training session 5
.................................................................................................... - 500 games
.................................................................................................... - 1000 games
.................................................................................................... - 1500 games
.................................................................................................... - 2000 games
476/476 [==============================] - 0s 655us/step - loss: 0.0310
47597/47597 [==============================] - 50s 1ms/step - loss: 0.0302
476/476 [==============================] - 0s 654us/step - loss: 0.0298
INFO:tensorflow:Assets written to: saves/nn_5/assets
Fair battle : nn.ai vs random_ai Score is [103  64] out of 200
Fair battle : nn.ai vs nn_old.ai Score is [103  64] out of 200
Self play 2000 games, training session 6
.................................................................................................... - 500 games
.................................................................................................... - 1000 games
.................................................................................................... - 1500 games
.................................................................................................... - 2000 games
480/480 [==============================] - 0s 657us/step - loss: 0.0296
47960/47960 [==============================] - 51s 1ms/step - loss: 0.0289
480/480 [==============================] - 0s 652us/step - loss: 0.0285
INFO:tensorflow:Assets written to: saves/nn_6/assets
Fair battle : nn.ai vs random_ai Score is [104  63] out of 200
Fair battle : nn.ai vs nn_old.ai Score is [106  58] out of 200
Self play 2000 games, training session 7
.................................................................................................... - 500 games
.................................................................................................... - 1000 games
.................................................................................................... - 1500 games
.................................................................................................... - 2000 games
481/481 [==============================] - 0s 652us/step - loss: 0.0291
48075/48075 [==============================] - 51s 1ms/step - loss: 0.0284
481/481 [==============================] - 0s 674us/step - loss: 0.0281
INFO:tensorflow:Assets written to: saves/nn_7/assets
Fair battle : nn.ai vs random_ai Score is [103  60] out of 200
Fair battle : nn.ai vs nn_old.ai Score is [119  53] out of 200
Self play 2000 games, training session 8
.................................................................................................... - 500 games
.................................................................................................... - 1000 games
.................................................................................................... - 1500 games
.................................................................................................... - 2000 games
482/482 [==============================] - 0s 644us/step - loss: 0.0282
48182/48182 [==============================] - 51s 1ms/step - loss: 0.0275
482/482 [==============================] - 0s 623us/step - loss: 0.0271
INFO:tensorflow:Assets written to: saves/nn_8/assets
Fair battle : nn.ai vs random_ai Score is [106  62] out of 200
Fair battle : nn.ai vs nn_old.ai Score is [121  52] out of 200
Self play 2000 games, training session 9
.................................................................................................... - 500 games
.................................................................................................... - 1000 games
.................................................................................................... - 1500 games
.................................................................................................... - 2000 games
481/481 [==============================] - 0s 662us/step - loss: 0.0284
48085/48085 [==============================] - 51s 1ms/step - loss: 0.0276
481/481 [==============================] - 0s 651us/step - loss: 0.0273
INFO:tensorflow:Assets written to: saves/nn_9/assets
Fair battle : nn.ai vs random_ai Score is [112  56] out of 200
Fair battle : nn.ai vs nn_old.ai Score is [112  55] out of 200
Self play 2000 games, training session 10
.................................................................................................... - 500 games
.................................................................................................... - 1000 games
.................................................................................................... - 1500 games
.................................................................................................... - 2000 games
484/484 [==============================] - 0s 645us/step - loss: 0.0269
48350/48350 [==============================] - 51s 1ms/step - loss: 0.0264
484/484 [==============================] - 0s 648us/step - loss: 0.0261
INFO:tensorflow:Assets written to: saves/nn_10/assets
Fair battle : nn.ai vs random_ai Score is [104  54] out of 200
Fair battle : nn.ai vs nn_old.ai Score is [112  65] out of 200
Self play 2000 games, training session 11
.................................................................................................... - 500 games
.................................................................................................... - 1000 games
.................................................................................................... - 1500 games
.................................................................................................... - 2000 games
486/486 [==============================] - 0s 664us/step - loss: 0.0261
48535/48535 [==============================] - 51s 1ms/step - loss: 0.0256
486/486 [==============================] - 0s 643us/step - loss: 0.0254
INFO:tensorflow:Assets written to: saves/nn_11/assets
Fair battle : nn.ai vs random_ai Score is [102  62] out of 200
Fair battle : nn.ai vs nn_old.ai Score is [114  60] out of 200
Self play 2000 games, training session 12
.................................................................................................... - 500 games
.................................................................................................... - 1000 games
.................................................................................................... - 1500 games
.................................................................................................... - 2000 games
485/485 [==============================] - 0s 654us/step - loss: 0.0255
48422/48422 [==============================] - 51s 1ms/step - loss: 0.0252
485/485 [==============================] - 0s 648us/step - loss: 0.0250
INFO:tensorflow:Assets written to: saves/nn_12/assets
Fair battle : nn.ai vs random_ai Score is [111  54] out of 200
Fair battle : nn.ai vs nn_old.ai Score is [133  40] out of 200
Self play 2000 games, training session 13
.................................................................................................... - 500 games
.................................................................................................... - 1000 games
.................................................................................................... - 1500 games
.................................................................................................... - 2000 games
485/485 [==============================] - 0s 659us/step - loss: 0.0249
48466/48466 [==============================] - 51s 1ms/step - loss: 0.0245
485/485 [==============================] - 0s 656us/step - loss: 0.0242
INFO:tensorflow:Assets written to: saves/nn_13/assets
Fair battle : nn.ai vs random_ai Score is [121  50] out of 200
Fair battle : nn.ai vs nn_old.ai Score is [108  63] out of 200
Self play 2000 games, training session 14
.................................................................................................... - 500 games
.................................................................................................... - 1000 games
.................................................................................................... - 1500 games
.................................................................................................... - 2000 games
486/486 [==============================] - 0s 652us/step - loss: 0.0248
48519/48519 [==============================] - 52s 1ms/step - loss: 0.0246
486/486 [==============================] - 0s 640us/step - loss: 0.0243
INFO:tensorflow:Assets written to: saves/nn_14/assets
Fair battle : nn.ai vs random_ai Score is [117  49] out of 200
Fair battle : nn.ai vs nn_old.ai Score is [116  45] out of 200
Self play 2000 games, training session 15
.................................................................................................... - 500 games
.................................................................................................... - 1000 games
.................................................................................................... - 1500 games
.................................................................................................... - 2000 games
490/490 [==============================] - 0s 649us/step - loss: 0.0239
48941/48941 [==============================] - 52s 1ms/step - loss: 0.0237
490/490 [==============================] - 0s 641us/step - loss: 0.0234
INFO:tensorflow:Assets written to: saves/nn_15/assets
Fair battle : nn.ai vs random_ai Score is [114  53] out of 200
Fair battle : nn.ai vs nn_old.ai Score is [111  46] out of 200
Self play 2000 games, training session 16
.................................................................................................... - 500 games
.................................................................................................... - 1000 games
.................................................................................................... - 1500 games
.................................................................................................... - 2000 games
489/489 [==============================] - 0s 647us/step - loss: 0.0243
48885/48885 [==============================] - 52s 1ms/step - loss: 0.0241
489/489 [==============================] - 0s 646us/step - loss: 0.0238
INFO:tensorflow:Assets written to: saves/nn_16/assets
Fair battle : nn.ai vs random_ai Score is [114  48] out of 200
Fair battle : nn.ai vs nn_old.ai Score is [114  53] out of 200
Self play 2000 games, training session 17
.................................................................................................... - 500 games
.................................................................................................... - 1000 games
.................................................................................................... - 1500 games
.................................................................................................... - 2000 games
489/489 [==============================] - 0s 659us/step - loss: 0.0238
48807/48807 [==============================] - 52s 1ms/step - loss: 0.0237
489/489 [==============================] - 0s 643us/step - loss: 0.0234
INFO:tensorflow:Assets written to: saves/nn_17/assets
Fair battle : nn.ai vs random_ai Score is [122  55] out of 200
Fair battle : nn.ai vs nn_old.ai Score is [119  49] out of 200
Self play 2000 games, training session 18
.................................................................................................... - 500 games
.................................................................................................... - 1000 games
.................................................................................................... - 1500 games
.................................................................................................... - 2000 games
490/490 [==============================] - 0s 643us/step - loss: 0.0236
48913/48913 [==============================] - 52s 1ms/step - loss: 0.0235
490/490 [==============================] - 0s 650us/step - loss: 0.0233
INFO:tensorflow:Assets written to: saves/nn_18/assets
Fair battle : nn.ai vs random_ai Score is [111  57] out of 200
Fair battle : nn.ai vs nn_old.ai Score is [107  53] out of 200
Self play 2000 games, training session 19
.................................................................................................... - 500 games
.................................................................................................... - 1000 games
.................................................................................................... - 1500 games
.................................................................................................... - 2000 games
487/487 [==============================] - 0s 653us/step - loss: 0.0241
48654/48654 [==============================] - 51s 1ms/step - loss: 0.0239
487/487 [==============================] - 0s 614us/step - loss: 0.0237
INFO:tensorflow:Assets written to: saves/nn_19/assets
Fair battle : nn.ai vs random_ai Score is [109  48] out of 200
Fair battle : nn.ai vs nn_old.ai Score is [119  51] out of 200
Self play 2000 games, training session 20
.................................................................................................... - 500 games
.................................................................................................... - 1000 games
.................................................................................................... - 1500 games
.................................................................................................... - 2000 games
490/490 [==============================] - 0s 671us/step - loss: 0.0232
48925/48925 [==============================] - 52s 1ms/step - loss: 0.0231
490/490 [==============================] - 0s 648us/step - loss: 0.0228
INFO:tensorflow:Assets written to: saves/nn_20/assets
Fair battle : nn.ai vs random_ai Score is [115  53] out of 200
Fair battle : nn.ai vs nn_old.ai Score is [121  50] out of 200