Untrained NN baseline
Fair battle : nn.ai vs random_ai Score is [81 98] out of 200
Fair battle : nn.ai vs nn_old.ai Score is [90 86] out of 200
Self play train_games games, training session 1
.................................................................................................... - 500 games
.................................................................................................... - 1000 games
.................................................................................................... - 1500 games
.................................................................................................... - 2000 games
474/474 [==============================] - 0s 657us/step - loss: 0.0128
47307/47307 [==============================] - 50s 1ms/step - loss: 0.0129
474/474 [==============================] - 0s 632us/step - loss: 0.0127
Fair battle : nn.ai vs random_ai Score is [98 75] out of 200
Fair battle : nn.ai vs nn_old.ai Score is [92 82] out of 200
Self play train_games games, training session 2
.................................................................................................... - 500 games
.................................................................................................... - 1000 games
.................................................................................................... - 1500 games
.................................................................................................... - 2000 games
476/476 [==============================] - 0s 649us/step - loss: 0.0124
47535/47535 [==============================] - 51s 1ms/step - loss: 0.0125
476/476 [==============================] - 0s 643us/step - loss: 0.0123
Fair battle : nn.ai vs random_ai Score is [103  73] out of 200
Fair battle : nn.ai vs nn_old.ai Score is [84 79] out of 200
Self play train_games games, training session 3
.................................................................................................... - 500 games
.................................................................................................... - 1000 games
.................................................................................................... - 1500 games
.................................................................................................... - 2000 games
474/474 [==============================] - 0s 661us/step - loss: 0.0122
47338/47338 [==============================] - 52s 1ms/step - loss: 0.0123
474/474 [==============================] - 0s 658us/step - loss: 0.0121
Fair battle : nn.ai vs random_ai Score is [106  61] out of 200
Fair battle : nn.ai vs nn_old.ai Score is [96 81] out of 200
Self play train_games games, training session 4
.................................................................................................... - 500 games
.................................................................................................... - 1000 games
.................................................................................................... - 1500 games
.................................................................................................... - 2000 games
472/472 [==============================] - 0s 684us/step - loss: 0.0120
47150/47150 [==============================] - 51s 1ms/step - loss: 0.0121
472/472 [==============================] - 0s 633us/step - loss: 0.0119
Fair battle : nn.ai vs random_ai Score is [111  71] out of 200
Fair battle : nn.ai vs nn_old.ai Score is [97 76] out of 200
Self play train_games games, training session 5
.................................................................................................... - 500 games
.................................................................................................... - 1000 games
.................................................................................................... - 1500 games
.................................................................................................... - 2000 games
471/471 [==============================] - 0s 646us/step - loss: 0.0120
47010/47010 [==============================] - 51s 1ms/step - loss: 0.0121
471/471 [==============================] - 0s 675us/step - loss: 0.0119
Fair battle : nn.ai vs random_ai Score is [103  65] out of 200
Fair battle : nn.ai vs nn_old.ai Score is [96 82] out of 200
Self play train_games games, training session 6
.................................................................................................... - 500 games
.................................................................................................... - 1000 games
.................................................................................................... - 1500 games
.................................................................................................... - 2000 games
473/473 [==============================] - 0s 691us/step - loss: 0.0119
47210/47210 [==============================] - 52s 1ms/step - loss: 0.0120
473/473 [==============================] - 0s 757us/step - loss: 0.0118
Fair battle : nn.ai vs random_ai Score is [96 72] out of 200
Fair battle : nn.ai vs nn_old.ai Score is [93 76] out of 200
Self play train_games games, training session 7
.................................................................................................... - 500 games
.................................................................................................... - 1000 games
.................................................................................................... - 1500 games
.................................................................................................... - 2000 games
468/468 [==============================] - 0s 658us/step - loss: 0.0121
46797/46797 [==============================] - 50s 1ms/step - loss: 0.0121
468/468 [==============================] - 0s 667us/step - loss: 0.0119
Fair battle : nn.ai vs random_ai Score is [111  68] out of 200
Fair battle : nn.ai vs nn_old.ai Score is [107  62] out of 200
Self play train_games games, training session 8
.................................................................................................... - 500 games
.................................................................................................... - 1000 games
.................................................................................................... - 1500 games
.................................................................................................... - 2000 games
475/475 [==============================] - 0s 720us/step - loss: 0.0114
47438/47438 [==============================] - 52s 1ms/step - loss: 0.0115
475/475 [==============================] - 0s 682us/step - loss: 0.0114
Fair battle : nn.ai vs random_ai Score is [120  50] out of 200
Fair battle : nn.ai vs nn_old.ai Score is [110  65] out of 200
Self play train_games games, training session 9
.................................................................................................... - 500 games
.................................................................................................... - 1000 games
.................................................................................................... - 1500 games
.................................................................................................... - 2000 games
473/473 [==============================] - 0s 674us/step - loss: 0.0115
47263/47263 [==============================] - 52s 1ms/step - loss: 0.0115
473/473 [==============================] - 0s 669us/step - loss: 0.0113
Fair battle : nn.ai vs random_ai Score is [93 79] out of 200
Fair battle : nn.ai vs nn_old.ai Score is [115  63] out of 200
Self play train_games games, training session 10
.................................................................................................... - 500 games
.................................................................................................... - 1000 games
.................................................................................................... - 1500 games
.................................................................................................... - 2000 games
476/476 [==============================] - 0s 708us/step - loss: 0.0114
47560/47560 [==============================] - 53s 1ms/step - loss: 0.0115
476/476 [==============================] - 0s 671us/step - loss: 0.0113
Fair battle : nn.ai vs random_ai Score is [110  71] out of 200
Fair battle : nn.ai vs nn_old.ai Score is [113  50] out of 200
Self play train_games games, training session 11
.................................................................................................... - 500 games
.................................................................................................... - 1000 games
.................................................................................................... - 1500 games
.................................................................................................... - 2000 games
477/477 [==============================] - 0s 677us/step - loss: 0.0109
47629/47629 [==============================] - 60s 1ms/step - loss: 0.0110
477/477 [==============================] - 0s 683us/step - loss: 0.0108
Fair battle : nn.ai vs random_ai Score is [112  59] out of 200
Fair battle : nn.ai vs nn_old.ai Score is [103  65] out of 200
Self play train_games games, training session 12
.................................................................................................... - 500 games
.................................................................................................... - 1000 games
.................................................................................................... - 1500 games
.................................................................................................... - 2000 games
473/473 [==============================] - 0s 676us/step - loss: 0.0112
47235/47235 [==============================] - 51s 1ms/step - loss: 0.0112
473/473 [==============================] - 0s 680us/step - loss: 0.0109
Fair battle : nn.ai vs random_ai Score is [113  56] out of 200
Fair battle : nn.ai vs nn_old.ai Score is [105  62] out of 200
Self play train_games games, training session 13
.................................................................................................... - 500 games
.................................................................................................... - 1000 games
.................................................................................................... - 1500 games
.................................................................................................... - 2000 games
478/478 [==============================] - 0s 668us/step - loss: 0.0109
47769/47769 [==============================] - 53s 1ms/step - loss: 0.0110
478/478 [==============================] - 0s 653us/step - loss: 0.0108
Fair battle : nn.ai vs random_ai Score is [113  50] out of 200
Fair battle : nn.ai vs nn_old.ai Score is [110  66] out of 200
Self play train_games games, training session 14
.................................................................................................... - 500 games
.................................................................................................... - 1000 games
.................................................................................................... - 1500 games
.................................................................................................... - 2000 games
474/474 [==============================] - 0s 670us/step - loss: 0.0108
47375/47375 [==============================] - 52s 1ms/step - loss: 0.0109
474/474 [==============================] - 0s 658us/step - loss: 0.0107
Fair battle : nn.ai vs random_ai Score is [111  52] out of 200
Fair battle : nn.ai vs nn_old.ai Score is [113  57] out of 200
Self play train_games games, training session 15
.................................................................................................... - 500 games
.................................................................................................... - 1000 games
.................................................................................................... - 1500 games
.................................................................................................... - 2000 games
477/477 [==============================] - 0s 706us/step - loss: 0.0106
47685/47685 [==============================] - 51s 1ms/step - loss: 0.0105
477/477 [==============================] - 0s 668us/step - loss: 0.0103
Fair battle : nn.ai vs random_ai Score is [109  53] out of 200
Fair battle : nn.ai vs nn_old.ai Score is [104  63] out of 200
Self play train_games games, training session 16
.................................................................................................... - 500 games
.................................................................................................... - 1000 games
.................................................................................................... - 1500 games
.................................................................................................... - 2000 games
478/478 [==============================] - 0s 777us/step - loss: 0.0105
47735/47735 [==============================] - 51s 1ms/step - loss: 0.0105
478/478 [==============================] - 0s 678us/step - loss: 0.0103
Fair battle : nn.ai vs random_ai Score is [130  51] out of 200
Fair battle : nn.ai vs nn_old.ai Score is [103  55] out of 200
Self play train_games games, training session 17
.................................................................................................... - 500 games
.................................................................................................... - 1000 games
.................................................................................................... - 1500 games
.................................................................................................... - 2000 games
483/483 [==============================] - 0s 669us/step - loss: 0.0100
48260/48260 [==============================] - 52s 1ms/step - loss: 0.0101
483/483 [==============================] - 0s 675us/step - loss: 0.0099
Fair battle : nn.ai vs random_ai Score is [113  60] out of 200
Fair battle : nn.ai vs nn_old.ai Score is [115  56] out of 200
Self play train_games games, training session 18
.................................................................................................... - 500 games
.................................................................................................... - 1000 games
.................................................................................................... - 1500 games
.................................................................................................... - 2000 games
482/482 [==============================] - 0s 648us/step - loss: 0.0099
48141/48141 [==============================] - 52s 1ms/step - loss: 0.0100
482/482 [==============================] - 0s 722us/step - loss: 0.0099
Fair battle : nn.ai vs random_ai Score is [113  49] out of 200
Fair battle : nn.ai vs nn_old.ai Score is [115  59] out of 200
Self play train_games games, training session 19
.................................................................................................... - 500 games
.................................................................................................... - 1000 games
.................................................................................................... - 1500 games
.................................................................................................... - 2000 games
483/483 [==============================] - 0s 651us/step - loss: 0.0099
48204/48204 [==============================] - 51s 1ms/step - loss: 0.0099
483/483 [==============================] - 0s 637us/step - loss: 0.0097
Fair battle : nn.ai vs random_ai Score is [114  47] out of 200
Fair battle : nn.ai vs nn_old.ai Score is [112  55] out of 200
Self play train_games games, training session 20
.................................................................................................... - 500 games
.................................................................................................... - 1000 games
.................................................................................................... - 1500 games
.................................................................................................... - 2000 games
479/479 [==============================] - 0s 665us/step - loss: 0.0101
47897/47897 [==============================] - 51s 1ms/step - loss: 0.0100
479/479 [==============================] - 0s 644us/step - loss: 0.0098
Fair battle : nn.ai vs random_ai Score is [114  56] out of 200
Fair battle : nn.ai vs nn_old.ai Score is [110  54] out of 200