Untrained NN baseline
Fair battle : nn.ai vs random_ai Score is [574 295] out of 1000
Self play 10000 games, training session 1
2087/2087 [==============================] - 2s 675us/step - loss: 0.1761500  6000  6500  7000  7500  8000  8500  9000  9500  10000
208619/208619 [==============================] - 190s 909us/step - loss: 0.0876
2087/2087 [==============================] - 1s 694us/step - loss: 0.0822
Fair battle : nn.ai vs random_ai Score is [513 340] out of 1000
Self play 10000 games, training session 2
2349/2349 [==============================] - 2s 695us/step - loss: 0.0949500  6000  6500  7000  7500  8000  8500  9000  9500  10000
234860/234860 [==============================] - 218s 926us/step - loss: 0.0469
2349/2349 [==============================] - 2s 691us/step - loss: 0.0459
Fair battle : nn.ai vs random_ai Score is [466 330] out of 1000
Self play 10000 games, training session 3
2307/2307 [==============================] - 2s 700us/step - loss: 0.0901500  6000  6500  7000  7500  8000  8500  9000  9500  10000
230604/230604 [==============================] - 215s 934us/step - loss: 0.0555
2307/2307 [==============================] - 2s 694us/step - loss: 0.0593
Fair battle : nn.ai vs random_ai Score is [475 309] out of 1000
Self play 10000 games, training session 4
2224/2224 [==============================] - 2s 707us/step - loss: 0.0736500  6000  6500  7000  7500  8000  8500  9000  9500  10000
222344/222344 [==============================] - 207s 933us/step - loss: 0.0418
2224/2224 [==============================] - 2s 693us/step - loss: 0.0422
Fair battle : nn.ai vs random_ai Score is [477 298] out of 1000
Self play 10000 games, training session 5
2370/2370 [==============================] - 2s 702us/step - loss: 0.0571500  6000  6500  7000  7500  8000  8500  9000  9500  10000
236954/236954 [==============================] - 221s 935us/step - loss: 0.0373
2370/2370 [==============================] - 2s 692us/step - loss: 0.0418
Fair battle : nn.ai vs random_ai Score is [461 308] out of 1000
Self play 10000 games, training session 6
2411/2411 [==============================] - 2s 695us/step - loss: 0.0520500  6000  6500  7000  7500  8000  8500  9000  9500  10000
241013/241013 [==============================] - 227s 940us/step - loss: 0.0326
2411/2411 [==============================] - 2s 681us/step - loss: 0.0330
Fair battle : nn.ai vs random_ai Score is [445 310] out of 1000
Self play 10000 games, training session 7
2380/2380 [==============================] - 2s 696us/step - loss: 0.0528500  6000  6500  7000  7500  8000  8500  9000  9500  10000
237910/237910 [==============================] - 224s 943us/step - loss: 0.0334
2380/2380 [==============================] - 2s 690us/step - loss: 0.0356
Fair battle : nn.ai vs random_ai Score is [483 287] out of 1000
Self play 10000 games, training session 8
2393/2393 [==============================] - 2s 705us/step - loss: 0.0368500  6000  6500  7000  7500  8000  8500  9000  9500  10000
239216/239216 [==============================] - 228s 954us/step - loss: 0.0210
2393/2393 [==============================] - 2s 694us/step - loss: 0.0194
Fair battle : nn.ai vs random_ai Score is [449 296] out of 1000
Self play 10000 games, training session 9
2394/2394 [==============================] - 2s 704us/step - loss: 0.0349500  6000  6500  7000  7500  8000  8500  9000  9500  10000
239329/239329 [==============================] - 229s 955us/step - loss: 0.0230
2394/2394 [==============================] - 2s 690us/step - loss: 0.0274
Fair battle : nn.ai vs random_ai Score is [454 291] out of 1000
Self play 10000 games, training session 10
2378/2378 [==============================] - 2s 700us/step - loss: 0.0440500  6000  6500  7000  7500  8000  8500  9000  9500  10000
237754/237754 [==============================] - 228s 957us/step - loss: 0.0251
2378/2378 [==============================] - 2s 692us/step - loss: 0.0290
Fair battle : nn.ai vs random_ai Score is [438 282] out of 1000
Self play 10000 games, training session 11
2357/2357 [==============================] - 2s 700us/step - loss: 0.0393500  6000  6500  7000  7500  8000  8500  9000  9500  10000
235666/235666 [==============================] - 226s 959us/step - loss: 0.0250
2357/2357 [==============================] - 2s 692us/step - loss: 0.0269
Fair battle : nn.ai vs random_ai Score is [439 308] out of 1000
Self play 10000 games, training session 12
2346/2346 [==============================] - 2s 700us/step - loss: 0.0449500  6000  6500  7000  7500  8000  8500  9000  9500  10000
234507/234507 [==============================] - 224s 954us/step - loss: 0.0328
2346/2346 [==============================] - 2s 691us/step - loss: 0.0342
Fair battle : nn.ai vs random_ai Score is [452 293] out of 1000
Self play 10000 games, training session 13
2445/2445 [==============================] - 2s 703us/step - loss: 0.0552500  6000  6500  7000  7500  8000  8500  9000  9500  10000
244494/244494 [==============================] - 235s 962us/step - loss: 0.0408
2445/2445 [==============================] - 2s 699us/step - loss: 0.0400
Fair battle : nn.ai vs random_ai Score is [439 276] out of 1000
Self play 10000 games, training session 14
2421/2421 [==============================] - 2s 702us/step - loss: 0.0537500  6000  6500  7000  7500  8000  8500  9000  9500  10000
242075/242075 [==============================] - 229s 947us/step - loss: 0.0425
2421/2421 [==============================] - 2s 695us/step - loss: 0.0416
Fair battle : nn.ai vs random_ai Score is [432 314] out of 1000
Self play 10000 games, training session 15
2546/2546 [==============================] - 2s 705us/step - loss: 0.0610500  6000  6500  7000  7500  8000  8500  9000  9500  10000
254585/254585 [==============================] - 245s 964us/step - loss: 0.0277
2546/2546 [==============================] - 2s 690us/step - loss: 0.0275
Fair battle : nn.ai vs random_ai Score is [430 295] out of 1000
Self play 10000 games, training session 16
2479/2479 [==============================] - 2s 702us/step - loss: 0.0842500  6000  6500  7000  7500  8000  8500  9000  9500  10000
247819/247819 [==============================] - 238s 960us/step - loss: 0.0662
2479/2479 [==============================] - 2s 687us/step - loss: 0.0658
Fair battle : nn.ai vs random_ai Score is [494 228] out of 1000
Self play 10000 games, training session 17
2440/2440 [==============================] - 2s 708us/step - loss: 0.0934500  6000  6500  7000  7500  8000  8500  9000  9500  10000
243916/243916 [==============================] - 234s 958us/step - loss: 0.0470
2440/2440 [==============================] - 2s 694us/step - loss: 0.0483
Fair battle : nn.ai vs random_ai Score is [470 267] out of 1000
Self play 10000 games, training session 18
2373/2373 [==============================] - 2s 707us/step - loss: 0.0880500  6000  6500  7000  7500  8000  8500  9000  9500  10000
237229/237229 [==============================] - 228s 963us/step - loss: 0.0601
2373/2373 [==============================] - 2s 694us/step - loss: 0.0673
Fair battle : nn.ai vs random_ai Score is [473 255] out of 1000
Self play 10000 games, training session 19
2365/2365 [==============================] - 2s 701us/step - loss: 0.1335500  6000  6500  7000  7500  8000  8500  9000  9500  10000
236485/236485 [==============================] - 227s 961us/step - loss: 0.0891
2365/2365 [==============================] - 2s 691us/step - loss: 0.0899
Fair battle : nn.ai vs random_ai Score is [484 235] out of 1000
Self play 10000 games, training session 20
2450/2450 [==============================] - 2s 695us/step - loss: 0.0697500  6000  6500  7000  7500  8000  8500  9000  9500  10000
244988/244988 [==============================] - 235s 961us/step - loss: 0.0483
2450/2450 [==============================] - 2s 695us/step - loss: 0.0486
Fair battle : nn.ai vs random_ai Score is [464 264] out of 1000
